producer_class	xtools.gsea.GseaPreranked
producer_timestamp	1772427052225
param	rpt_label	PAL_vs_CTL
param	rnd_seed	12345
param	set_min	15
param	zip_report	false
param	create_svgs	false
param	scoring_scheme	weighted
param	rnk	/home/rstudio/projects/Zhanyan_Guo_bcb420/A2/./data/PAL_vs_CTL_ranked.rnk
param	norm	meandiv
param	out	/home/rstudio/projects/Zhanyan_Guo_bcb420/A2/./generated_data/gsea
param	mode	Max_probe
param	include_only_symbols	true
param	help	false
param	set_max	200
param	gmx	./generated_data/gsea/Human_GOBP_AllPathways_noPFOCR_no_GO_iea_September_01_2025_symbol.gmt
param	make_sets	true
param	plot_top_x	20
param	gui	false
param	nperm	1000
param	collapse	No_Collapse

file	./generated_data/gsea/PAL_vs_CTL.GseaPreranked.1772427052225/index.html
